13/03/2015 18:10:47	This log contains information about the import schema operation into project 'TaskManagementDb' on computer 'JP-PC' by user 'jp'.
13/03/2015 18:10:48	Import of database schema has started.
13/03/2015 18:11:04	Gathering database options
13/03/2015 18:11:04	Gathering users
13/03/2015 18:11:04	Gathering roles
13/03/2015 18:11:04	Gathering application roles
13/03/2015 18:11:04	Gathering role memberships
13/03/2015 18:11:04	Gathering filegroups
13/03/2015 18:11:04	Gathering full-text catalogs
13/03/2015 18:11:04	Gathering assemblies
13/03/2015 18:11:04	Gathering certificates
13/03/2015 18:11:04	Gathering asymmetric keys
13/03/2015 18:11:04	Gathering symmetric keys
13/03/2015 18:11:04	Gathering encrypted symmetric keys
13/03/2015 18:11:04	Gathering schemas
13/03/2015 18:11:04	Gathering XML schema collections
13/03/2015 18:11:04	Gathering user-defined data types
13/03/2015 18:11:04	Gathering user-defined types
13/03/2015 18:11:04	Gathering partition functions
13/03/2015 18:11:04	Gathering partition schemes
13/03/2015 18:11:04	Gathering functions
13/03/2015 18:11:04	Gathering encrypted functions
13/03/2015 18:11:04	Gathering aggregates
13/03/2015 18:11:04	Gathering procedures
13/03/2015 18:11:04	Gathering encrypted procedures
13/03/2015 18:11:04	Gathering tables
13/03/2015 18:11:04	Gathering primary keys
13/03/2015 18:11:04	Gathering unique constraints
13/03/2015 18:11:04	Gathering foreign keys
13/03/2015 18:11:04	Gathering default constraints
13/03/2015 18:11:04	Gathering check constraints
13/03/2015 18:11:04	Gathering views
13/03/2015 18:11:04	Gathering encrypted views
13/03/2015 18:11:04	Gathering indexes
13/03/2015 18:11:04	Gathering statistics
13/03/2015 18:11:04	Gathering full-text indexes
13/03/2015 18:11:04	Gathering XML indexes
13/03/2015 18:11:04	Gathering encrypted triggers
13/03/2015 18:11:04	Gathering triggers
13/03/2015 18:11:05	Gathering encrypted and clr ddl triggers
13/03/2015 18:11:05	Gathering ddl triggers
13/03/2015 18:11:05	Gathering synonyms
13/03/2015 18:11:05	Gathering defaults
13/03/2015 18:11:05	Gathering data constraint uddt bindings
13/03/2015 18:11:05	Gathering rules
13/03/2015 18:11:05	Gathering data constraint uddt bindings
13/03/2015 18:11:05	Gathering message types
13/03/2015 18:11:05	Gathering queues
13/03/2015 18:11:05	Gathering contracts
13/03/2015 18:11:05	Gathering services
13/03/2015 18:11:05	Gathering event notifications
13/03/2015 18:11:05	Gathering remote service bindings
13/03/2015 18:11:05	Gathering signatures
13/03/2015 18:11:05	Gathering extended properties
13/03/2015 18:11:06	Gathering credentials
13/03/2015 18:11:06	Gathering logins
13/03/2015 18:11:07	Scanning project for duplicate elements
13/03/2015 18:11:07	Finished duplicate element processing
13/03/2015 18:11:09	Finished importing database.
13/03/2015 18:11:09	A summary of the import was saved to the following location: C:\Users\jp\Desktop\Roberto\programación\TaskManagement\Nueva carpeta\TaskManagementWebAPI\src\TaskManagement\TaskManagementDb\Import Schema Logs\TaskManagementDb_20150313061047.log
13/03/2015 18:11:09	Click Finish to continue...
