13/03/2015 14:53:05	This log contains information about the import schema operation into project 'TaskManagementDB' on computer 'JP-PC' by user 'jp'.
13/03/2015 14:53:05	Import of database schema has started.
13/03/2015 14:53:06	Gathering database options
13/03/2015 14:53:06	Gathering users
13/03/2015 14:53:06	Gathering roles
13/03/2015 14:53:06	Gathering application roles
13/03/2015 14:53:06	Gathering role memberships
13/03/2015 14:53:06	Gathering filegroups
13/03/2015 14:53:06	Gathering full-text catalogs
13/03/2015 14:53:06	Gathering assemblies
13/03/2015 14:53:06	Gathering certificates
13/03/2015 14:53:06	Gathering asymmetric keys
13/03/2015 14:53:06	Gathering symmetric keys
13/03/2015 14:53:06	Gathering encrypted symmetric keys
13/03/2015 14:53:06	Gathering schemas
13/03/2015 14:53:06	Gathering XML schema collections
13/03/2015 14:53:06	Gathering user-defined data types
13/03/2015 14:53:06	Gathering user-defined types
13/03/2015 14:53:06	Gathering partition functions
13/03/2015 14:53:06	Gathering partition schemes
13/03/2015 14:53:06	Gathering functions
13/03/2015 14:53:06	Gathering encrypted functions
13/03/2015 14:53:06	Gathering aggregates
13/03/2015 14:53:06	Gathering procedures
13/03/2015 14:53:06	Gathering encrypted procedures
13/03/2015 14:53:06	Gathering tables
13/03/2015 14:53:06	Gathering primary keys
13/03/2015 14:53:06	Gathering unique constraints
13/03/2015 14:53:06	Gathering foreign keys
13/03/2015 14:53:06	Gathering default constraints
13/03/2015 14:53:06	Gathering check constraints
13/03/2015 14:53:06	Gathering views
13/03/2015 14:53:06	Gathering encrypted views
13/03/2015 14:53:06	Gathering indexes
13/03/2015 14:53:06	Gathering statistics
13/03/2015 14:53:06	Gathering full-text indexes
13/03/2015 14:53:06	Gathering XML indexes
13/03/2015 14:53:06	Gathering encrypted triggers
13/03/2015 14:53:06	Gathering triggers
13/03/2015 14:53:06	Gathering encrypted and clr ddl triggers
13/03/2015 14:53:06	Gathering ddl triggers
13/03/2015 14:53:06	Gathering synonyms
13/03/2015 14:53:06	Gathering defaults
13/03/2015 14:53:06	Gathering data constraint uddt bindings
13/03/2015 14:53:06	Gathering rules
13/03/2015 14:53:06	Gathering data constraint uddt bindings
13/03/2015 14:53:06	Gathering message types
13/03/2015 14:53:06	Gathering queues
13/03/2015 14:53:06	Gathering contracts
13/03/2015 14:53:06	Gathering services
13/03/2015 14:53:06	Gathering event notifications
13/03/2015 14:53:06	Gathering remote service bindings
13/03/2015 14:53:06	Gathering signatures
13/03/2015 14:53:06	Gathering extended properties
13/03/2015 14:53:06	Gathering credentials
13/03/2015 14:53:06	Gathering logins
13/03/2015 14:53:06	Scanning project for duplicate elements
13/03/2015 14:53:06	Finished duplicate element processing
13/03/2015 14:53:07	Finished importing database.
13/03/2015 14:53:07	A summary of the import was saved to the following location: C:\Users\jp\Desktop\Roberto\programación\TaskManagement\TaskManagementWebAPI\src\TaskManagement\TaskManagementDB\Import Schema Logs\TaskManagementDB_20150313025305.log
13/03/2015 14:53:07	Click Finish to continue...
