13/03/2015 14:51:37	This log contains information about the import schema operation into project 'TaskManagementDB' on computer 'JP-PC' by user 'jp'.
13/03/2015 14:51:38	Import of database schema has started.
13/03/2015 14:51:44	Gathering database options
13/03/2015 14:51:44	Gathering users
13/03/2015 14:51:44	Gathering roles
13/03/2015 14:51:44	Gathering application roles
13/03/2015 14:51:44	Gathering role memberships
13/03/2015 14:51:44	Gathering filegroups
13/03/2015 14:51:44	Gathering full-text catalogs
13/03/2015 14:51:44	Gathering assemblies
13/03/2015 14:51:44	Gathering certificates
13/03/2015 14:51:44	Gathering asymmetric keys
13/03/2015 14:51:44	Gathering symmetric keys
13/03/2015 14:51:44	Gathering encrypted symmetric keys
13/03/2015 14:51:44	Gathering schemas
13/03/2015 14:51:44	Gathering XML schema collections
13/03/2015 14:51:44	Gathering user-defined data types
13/03/2015 14:51:44	Gathering user-defined types
13/03/2015 14:51:44	Gathering partition functions
13/03/2015 14:51:44	Gathering partition schemes
13/03/2015 14:51:44	Gathering functions
13/03/2015 14:51:44	Gathering encrypted functions
13/03/2015 14:51:44	Gathering aggregates
13/03/2015 14:51:44	Gathering procedures
13/03/2015 14:51:44	Gathering encrypted procedures
13/03/2015 14:51:44	Gathering tables
13/03/2015 14:51:44	Gathering primary keys
13/03/2015 14:51:44	Gathering unique constraints
13/03/2015 14:51:44	Gathering foreign keys
13/03/2015 14:51:44	Gathering default constraints
13/03/2015 14:51:44	Gathering check constraints
13/03/2015 14:51:44	Gathering views
13/03/2015 14:51:44	Gathering encrypted views
13/03/2015 14:51:44	Gathering indexes
13/03/2015 14:51:44	Gathering statistics
13/03/2015 14:51:44	Gathering full-text indexes
13/03/2015 14:51:44	Gathering XML indexes
13/03/2015 14:51:44	Gathering encrypted triggers
13/03/2015 14:51:44	Gathering triggers
13/03/2015 14:51:44	Gathering encrypted and clr ddl triggers
13/03/2015 14:51:44	Gathering ddl triggers
13/03/2015 14:51:44	Gathering synonyms
13/03/2015 14:51:44	Gathering defaults
13/03/2015 14:51:44	Gathering data constraint uddt bindings
13/03/2015 14:51:44	Gathering rules
13/03/2015 14:51:44	Gathering data constraint uddt bindings
13/03/2015 14:51:44	Gathering message types
13/03/2015 14:51:44	Gathering queues
13/03/2015 14:51:44	Gathering contracts
13/03/2015 14:51:44	Gathering services
13/03/2015 14:51:44	Gathering event notifications
13/03/2015 14:51:44	Gathering remote service bindings
13/03/2015 14:51:44	Gathering signatures
13/03/2015 14:51:44	Gathering extended properties
13/03/2015 14:51:44	Gathering credentials
13/03/2015 14:51:44	Gathering logins
13/03/2015 14:51:44	Scanning project for duplicate elements
13/03/2015 14:51:45	Finished duplicate element processing
13/03/2015 14:51:46	Finished importing database.
13/03/2015 14:51:46	A summary of the import was saved to the following location: C:\Users\jp\Desktop\Roberto\programación\TaskManagement\TaskManagementWebAPI\src\TaskManagement\TaskManagementDB\Import Schema Logs\TaskManagementDB_20150313025137.log
13/03/2015 14:51:46	Click Finish to continue...
