13/03/2015 12:07:46	This log contains information about the import schema operation into project 'TaskManagementDb' on computer 'JP-PC' by user 'jp'.
13/03/2015 12:07:47	Import of database schema has started.
13/03/2015 12:07:58	Gathering database options
13/03/2015 12:07:58	Gathering users
13/03/2015 12:07:58	Gathering roles
13/03/2015 12:07:58	Gathering application roles
13/03/2015 12:07:58	Gathering role memberships
13/03/2015 12:07:58	Gathering filegroups
13/03/2015 12:07:58	Gathering full-text catalogs
13/03/2015 12:07:58	Gathering assemblies
13/03/2015 12:07:58	Gathering certificates
13/03/2015 12:07:58	Gathering asymmetric keys
13/03/2015 12:07:58	Gathering symmetric keys
13/03/2015 12:07:58	Gathering encrypted symmetric keys
13/03/2015 12:07:58	Gathering schemas
13/03/2015 12:07:58	Gathering XML schema collections
13/03/2015 12:07:58	Gathering user-defined data types
13/03/2015 12:07:58	Gathering user-defined types
13/03/2015 12:07:58	Gathering partition functions
13/03/2015 12:07:58	Gathering partition schemes
13/03/2015 12:07:58	Gathering functions
13/03/2015 12:07:58	Gathering encrypted functions
13/03/2015 12:07:58	Gathering aggregates
13/03/2015 12:07:58	Gathering procedures
13/03/2015 12:07:58	Gathering encrypted procedures
13/03/2015 12:07:58	Gathering tables
13/03/2015 12:07:58	Gathering primary keys
13/03/2015 12:07:58	Gathering unique constraints
13/03/2015 12:07:58	Gathering foreign keys
13/03/2015 12:07:58	Gathering default constraints
13/03/2015 12:07:58	Gathering check constraints
13/03/2015 12:07:58	Gathering views
13/03/2015 12:07:58	Gathering encrypted views
13/03/2015 12:07:58	Gathering indexes
13/03/2015 12:07:58	Gathering statistics
13/03/2015 12:07:58	Gathering full-text indexes
13/03/2015 12:07:58	Gathering XML indexes
13/03/2015 12:07:58	Gathering encrypted triggers
13/03/2015 12:07:58	Gathering triggers
13/03/2015 12:07:58	Gathering encrypted and clr ddl triggers
13/03/2015 12:07:58	Gathering ddl triggers
13/03/2015 12:07:58	Gathering synonyms
13/03/2015 12:07:58	Gathering defaults
13/03/2015 12:07:58	Gathering data constraint uddt bindings
13/03/2015 12:07:58	Gathering rules
13/03/2015 12:07:58	Gathering data constraint uddt bindings
13/03/2015 12:07:58	Gathering message types
13/03/2015 12:07:58	Gathering queues
13/03/2015 12:07:58	Gathering contracts
13/03/2015 12:07:58	Gathering services
13/03/2015 12:07:58	Gathering event notifications
13/03/2015 12:07:58	Gathering remote service bindings
13/03/2015 12:07:58	Gathering signatures
13/03/2015 12:07:58	Gathering extended properties
13/03/2015 12:07:59	Gathering credentials
13/03/2015 12:07:59	Gathering logins
13/03/2015 12:08:01	Scanning project for duplicate elements
13/03/2015 12:08:01	Finished duplicate element processing
13/03/2015 12:08:01	Finished importing database.
13/03/2015 12:08:01	A summary of the import was saved to the following location: C:\Users\jp\Desktop\Roberto\programación\TaskManagement\TaskManagementWebAPI\src\TaskManagement\TaskManagementDb\Import Schema Logs\TaskManagementDb_20150313120746.log
13/03/2015 12:08:01	Click Finish to continue...
