13/03/2015 13:49:44	This log contains information about the import schema operation into project 'TaskManagementDb' on computer 'JP-PC' by user 'jp'.
13/03/2015 13:49:45	Import of database schema has started.
13/03/2015 13:50:00	Gathering database options
13/03/2015 13:50:00	Gathering users
13/03/2015 13:50:00	Gathering roles
13/03/2015 13:50:00	Gathering application roles
13/03/2015 13:50:00	Gathering role memberships
13/03/2015 13:50:00	Gathering filegroups
13/03/2015 13:50:00	Gathering full-text catalogs
13/03/2015 13:50:00	Gathering assemblies
13/03/2015 13:50:00	Gathering certificates
13/03/2015 13:50:00	Gathering asymmetric keys
13/03/2015 13:50:00	Gathering symmetric keys
13/03/2015 13:50:00	Gathering encrypted symmetric keys
13/03/2015 13:50:00	Gathering schemas
13/03/2015 13:50:00	Gathering XML schema collections
13/03/2015 13:50:00	Gathering user-defined data types
13/03/2015 13:50:00	Gathering user-defined types
13/03/2015 13:50:00	Gathering partition functions
13/03/2015 13:50:00	Gathering partition schemes
13/03/2015 13:50:00	Gathering functions
13/03/2015 13:50:00	Gathering encrypted functions
13/03/2015 13:50:00	Gathering aggregates
13/03/2015 13:50:00	Gathering procedures
13/03/2015 13:50:00	Gathering encrypted procedures
13/03/2015 13:50:01	Gathering tables
13/03/2015 13:50:01	Gathering primary keys
13/03/2015 13:50:01	Gathering unique constraints
13/03/2015 13:50:01	Gathering foreign keys
13/03/2015 13:50:01	Gathering default constraints
13/03/2015 13:50:01	Gathering check constraints
13/03/2015 13:50:01	Gathering views
13/03/2015 13:50:01	Gathering encrypted views
13/03/2015 13:50:01	Gathering indexes
13/03/2015 13:50:01	Gathering statistics
13/03/2015 13:50:01	Gathering full-text indexes
13/03/2015 13:50:01	Gathering XML indexes
13/03/2015 13:50:01	Gathering encrypted triggers
13/03/2015 13:50:01	Gathering triggers
13/03/2015 13:50:01	Gathering encrypted and clr ddl triggers
13/03/2015 13:50:01	Gathering ddl triggers
13/03/2015 13:50:01	Gathering synonyms
13/03/2015 13:50:01	Gathering defaults
13/03/2015 13:50:01	Gathering data constraint uddt bindings
13/03/2015 13:50:01	Gathering rules
13/03/2015 13:50:01	Gathering data constraint uddt bindings
13/03/2015 13:50:01	Gathering message types
13/03/2015 13:50:01	Gathering queues
13/03/2015 13:50:01	Gathering contracts
13/03/2015 13:50:01	Gathering services
13/03/2015 13:50:01	Gathering event notifications
13/03/2015 13:50:01	Gathering remote service bindings
13/03/2015 13:50:01	Gathering signatures
13/03/2015 13:50:01	Gathering extended properties
13/03/2015 13:50:02	Gathering credentials
13/03/2015 13:50:02	Gathering logins
13/03/2015 13:50:03	Scanning project for duplicate elements
13/03/2015 13:50:03	Finished duplicate element processing
13/03/2015 13:50:05	Finished importing database.
13/03/2015 13:50:05	A summary of the import was saved to the following location: C:\Users\jp\Desktop\Roberto\programación\TaskManagement\TaskManagementWebAPI\src\TaskManagement\TaskManagementDb\Import Schema Logs\TaskManagementDb_20150313014944.log
13/03/2015 13:50:05	Click Finish to continue...
